<?xml version="1.0" encoding="UTF-8"?>
<testsuite xmlns:xsi="http://www.w3.org/2001/XMLSchema-instance" xsi:noNamespaceSchemaLocation="https://maven.apache.org/surefire/maven-surefire-plugin/xsd/surefire-test-report.xsd" name="com.g4pas.index.service.util.IndexUtilTest" time="0.003" tests="1" errors="0" skipped="0" failures="0">
  <properties>
    <property name="sun.desktop" value="gnome"/>
    <property name="awt.toolkit" value="sun.awt.X11.XToolkit"/>
    <property name="java.specification.version" value="10"/>
    <property name="file.encoding.pkg" value="sun.io"/>
    <property name="sun.cpu.isalist" value=""/>
    <property name="sun.jnu.encoding" value="UTF-8"/>
    <property name="java.class.path" value="/home/guidof/.local/share/JetBrains/Toolbox/apps/IDEA-U/ch-0/183.4588.61/plugins/maven/lib/maven3/boot/plexus-classworlds-2.5.2.jar"/>
    <property name="java.vm.vendor" value="Oracle Corporation"/>
    <property name="sun.arch.data.model" value="64"/>
    <property name="java.vendor.url" value="http://java.oracle.com/"/>
    <property name="user.timezone" value="Europe/London"/>
    <property name="visualvm.id" value="87882924351782"/>
    <property name="os.name" value="Linux"/>
    <property name="java.vm.specification.version" value="10"/>
    <property name="sun.java.launcher" value="SUN_STANDARD"/>
    <property name="user.country" value="GB"/>
    <property name="sun.boot.library.path" value="/usr/lib/jvm/java-11-openjdk-amd64/lib"/>
    <property name="sun.java.command" value="org.codehaus.classworlds.Launcher -Didea.version=2018.3.1 deploy"/>
    <property name="jdk.debug" value="release"/>
    <property name="maven.home" value="/home/guidof/.local/share/JetBrains/Toolbox/apps/IDEA-U/ch-0/183.4588.61/plugins/maven/lib/maven3"/>
    <property name="surefire.test.class.path" value="/home/guidof/bitbucket/searchIndex/Indexer/IndexServer/target/test-classes:/home/guidof/bitbucket/searchIndex/Indexer/IndexServer/target/classes:/home/guidof/.m2/repository/org/springframework/boot/spring-boot-configuration-processor/2.1.0.RELEASE/spring-boot-configuration-processor-2.1.0.RELEASE.jar:/home/guidof/.m2/repository/org/springframework/boot/spring-boot-starter-integration/2.1.0.RELEASE/spring-boot-starter-integration-2.1.0.RELEASE.jar:/home/guidof/.m2/repository/org/springframework/boot/spring-boot-starter-aop/2.1.0.RELEASE/spring-boot-starter-aop-2.1.0.RELEASE.jar:/home/guidof/.m2/repository/org/springframework/boot/spring-boot-starter/2.1.0.RELEASE/spring-boot-starter-2.1.0.RELEASE.jar:/home/guidof/.m2/repository/org/springframework/boot/spring-boot/2.1.0.RELEASE/spring-boot-2.1.0.RELEASE.jar:/home/guidof/.m2/repository/org/springframework/boot/spring-boot-autoconfigure/2.1.0.RELEASE/spring-boot-autoconfigure-2.1.0.RELEASE.jar:/home/guidof/.m2/repository/org/springframework/boot/spring-boot-starter-logging/2.1.0.RELEASE/spring-boot-starter-logging-2.1.0.RELEASE.jar:/home/guidof/.m2/repository/org/apache/logging/log4j/log4j-to-slf4j/2.11.1/log4j-to-slf4j-2.11.1.jar:/home/guidof/.m2/repository/org/slf4j/jul-to-slf4j/1.7.25/jul-to-slf4j-1.7.25.jar:/home/guidof/.m2/repository/javax/annotation/javax.annotation-api/1.3.2/javax.annotation-api-1.3.2.jar:/home/guidof/.m2/repository/org/yaml/snakeyaml/1.23/snakeyaml-1.23.jar:/home/guidof/.m2/repository/org/springframework/spring-aop/5.1.2.RELEASE/spring-aop-5.1.2.RELEASE.jar:/home/guidof/.m2/repository/org/springframework/spring-beans/5.1.2.RELEASE/spring-beans-5.1.2.RELEASE.jar:/home/guidof/.m2/repository/org/aspectj/aspectjweaver/1.9.2/aspectjweaver-1.9.2.jar:/home/guidof/.m2/repository/org/springframework/integration/spring-integration-kafka/3.1.0.RELEASE/spring-integration-kafka-3.1.0.RELEASE.jar:/home/guidof/.m2/repository/org/springframework/integration/spring-integration-core/5.1.0.RELEASE/spring-integration-core-5.1.0.RELEASE.jar:/home/guidof/.m2/repository/org/springframework/spring-core/5.1.2.RELEASE/spring-core-5.1.2.RELEASE.jar:/home/guidof/.m2/repository/org/springframework/spring-jcl/5.1.2.RELEASE/spring-jcl-5.1.2.RELEASE.jar:/home/guidof/.m2/repository/org/springframework/spring-context/5.1.2.RELEASE/spring-context-5.1.2.RELEASE.jar:/home/guidof/.m2/repository/org/springframework/spring-expression/5.1.2.RELEASE/spring-expression-5.1.2.RELEASE.jar:/home/guidof/.m2/repository/org/springframework/spring-messaging/5.1.2.RELEASE/spring-messaging-5.1.2.RELEASE.jar:/home/guidof/.m2/repository/org/springframework/spring-tx/5.1.2.RELEASE/spring-tx-5.1.2.RELEASE.jar:/home/guidof/.m2/repository/org/springframework/retry/spring-retry/1.2.2.RELEASE/spring-retry-1.2.2.RELEASE.jar:/home/guidof/.m2/repository/io/projectreactor/reactor-core/3.2.2.RELEASE/reactor-core-3.2.2.RELEASE.jar:/home/guidof/.m2/repository/org/reactivestreams/reactive-streams/1.0.2/reactive-streams-1.0.2.jar:/home/guidof/.m2/repository/org/springframework/kafka/spring-kafka/2.2.0.RELEASE/spring-kafka-2.2.0.RELEASE.jar:/home/guidof/.m2/repository/org/apache/kafka/kafka-clients/2.0.0/kafka-clients-2.0.0.jar:/home/guidof/.m2/repository/org/lz4/lz4-java/1.4.1/lz4-java-1.4.1.jar:/home/guidof/.m2/repository/org/xerial/snappy/snappy-java/1.1.7.1/snappy-java-1.1.7.1.jar:/home/guidof/.m2/repository/org/springframework/integration/spring-integration-amqp/5.1.0.RELEASE/spring-integration-amqp-5.1.0.RELEASE.jar:/home/guidof/.m2/repository/org/springframework/amqp/spring-rabbit/2.1.0.RELEASE/spring-rabbit-2.1.0.RELEASE.jar:/home/guidof/.m2/repository/org/springframework/amqp/spring-amqp/2.1.0.RELEASE/spring-amqp-2.1.0.RELEASE.jar:/home/guidof/.m2/repository/com/rabbitmq/amqp-client/5.4.3/amqp-client-5.4.3.jar:/home/guidof/.m2/repository/org/slf4j/slf4j-api/1.7.25/slf4j-api-1.7.25.jar:/home/guidof/.m2/repository/ch/qos/logback/logback-classic/1.2.3/logback-classic-1.2.3.jar:/home/guidof/.m2/repository/ch/qos/logback/logback-core/1.2.3/logback-core-1.2.3.jar:/home/guidof/.m2/repository/org/elasticsearch/client/elasticsearch-rest-high-level-client/6.5.2/elasticsearch-rest-high-level-client-6.5.2.jar:/home/guidof/.m2/repository/org/elasticsearch/elasticsearch/6.4.2/elasticsearch-6.4.2.jar:/home/guidof/.m2/repository/org/elasticsearch/elasticsearch-core/6.4.2/elasticsearch-core-6.4.2.jar:/home/guidof/.m2/repository/org/elasticsearch/elasticsearch-secure-sm/6.4.2/elasticsearch-secure-sm-6.4.2.jar:/home/guidof/.m2/repository/org/elasticsearch/elasticsearch-x-content/6.4.2/elasticsearch-x-content-6.4.2.jar:/home/guidof/.m2/repository/com/fasterxml/jackson/dataformat/jackson-dataformat-smile/2.9.7/jackson-dataformat-smile-2.9.7.jar:/home/guidof/.m2/repository/com/fasterxml/jackson/dataformat/jackson-dataformat-yaml/2.9.7/jackson-dataformat-yaml-2.9.7.jar:/home/guidof/.m2/repository/com/fasterxml/jackson/dataformat/jackson-dataformat-cbor/2.9.7/jackson-dataformat-cbor-2.9.7.jar:/home/guidof/.m2/repository/org/apache/lucene/lucene-backward-codecs/7.4.0/lucene-backward-codecs-7.4.0.jar:/home/guidof/.m2/repository/org/apache/lucene/lucene-grouping/7.4.0/lucene-grouping-7.4.0.jar:/home/guidof/.m2/repository/org/apache/lucene/lucene-highlighter/7.4.0/lucene-highlighter-7.4.0.jar:/home/guidof/.m2/repository/org/apache/lucene/lucene-join/7.4.0/lucene-join-7.4.0.jar:/home/guidof/.m2/repository/org/apache/lucene/lucene-memory/7.4.0/lucene-memory-7.4.0.jar:/home/guidof/.m2/repository/org/apache/lucene/lucene-misc/7.4.0/lucene-misc-7.4.0.jar:/home/guidof/.m2/repository/org/apache/lucene/lucene-queries/7.4.0/lucene-queries-7.4.0.jar:/home/guidof/.m2/repository/org/apache/lucene/lucene-queryparser/7.4.0/lucene-queryparser-7.4.0.jar:/home/guidof/.m2/repository/org/apache/lucene/lucene-sandbox/7.4.0/lucene-sandbox-7.4.0.jar:/home/guidof/.m2/repository/org/apache/lucene/lucene-spatial/7.4.0/lucene-spatial-7.4.0.jar:/home/guidof/.m2/repository/org/apache/lucene/lucene-spatial-extras/7.4.0/lucene-spatial-extras-7.4.0.jar:/home/guidof/.m2/repository/org/apache/lucene/lucene-spatial3d/7.4.0/lucene-spatial3d-7.4.0.jar:/home/guidof/.m2/repository/org/apache/lucene/lucene-suggest/7.4.0/lucene-suggest-7.4.0.jar:/home/guidof/.m2/repository/org/elasticsearch/elasticsearch-cli/6.4.2/elasticsearch-cli-6.4.2.jar:/home/guidof/.m2/repository/net/sf/jopt-simple/jopt-simple/5.0.2/jopt-simple-5.0.2.jar:/home/guidof/.m2/repository/com/carrotsearch/hppc/0.7.1/hppc-0.7.1.jar:/home/guidof/.m2/repository/joda-time/joda-time/2.10.1/joda-time-2.10.1.jar:/home/guidof/.m2/repository/com/tdunning/t-digest/3.2/t-digest-3.2.jar:/home/guidof/.m2/repository/org/hdrhistogram/HdrHistogram/2.1.9/HdrHistogram-2.1.9.jar:/home/guidof/.m2/repository/org/apache/logging/log4j/log4j-api/2.11.1/log4j-api-2.11.1.jar:/home/guidof/.m2/repository/org/elasticsearch/jna/4.5.1/jna-4.5.1.jar:/home/guidof/.m2/repository/org/elasticsearch/client/elasticsearch-rest-client/6.4.2/elasticsearch-rest-client-6.4.2.jar:/home/guidof/.m2/repository/org/apache/httpcomponents/httpclient/4.5.6/httpclient-4.5.6.jar:/home/guidof/.m2/repository/org/apache/httpcomponents/httpcore/4.4.10/httpcore-4.4.10.jar:/home/guidof/.m2/repository/org/apache/httpcomponents/httpasyncclient/4.1.4/httpasyncclient-4.1.4.jar:/home/guidof/.m2/repository/org/apache/httpcomponents/httpcore-nio/4.4.10/httpcore-nio-4.4.10.jar:/home/guidof/.m2/repository/org/elasticsearch/plugin/parent-join-client/6.5.2/parent-join-client-6.5.2.jar:/home/guidof/.m2/repository/org/elasticsearch/plugin/aggs-matrix-stats-client/6.5.2/aggs-matrix-stats-client-6.5.2.jar:/home/guidof/.m2/repository/org/elasticsearch/plugin/rank-eval-client/6.5.2/rank-eval-client-6.5.2.jar:/home/guidof/.m2/repository/org/elasticsearch/plugin/lang-mustache-client/6.5.2/lang-mustache-client-6.5.2.jar:/home/guidof/.m2/repository/com/github/spullara/mustache/java/compiler/0.9.3/compiler-0.9.3.jar:/home/guidof/.m2/repository/org/apache/commons/commons-lang3/3.8.1/commons-lang3-3.8.1.jar:/home/guidof/.m2/repository/com/fasterxml/jackson/core/jackson-databind/2.9.7/jackson-databind-2.9.7.jar:/home/guidof/.m2/repository/com/fasterxml/jackson/core/jackson-annotations/2.9.0/jackson-annotations-2.9.0.jar:/home/guidof/.m2/repository/com/fasterxml/jackson/core/jackson-core/2.9.7/jackson-core-2.9.7.jar:/home/guidof/.m2/repository/org/apache/tika/tika-parsers/1.13/tika-parsers-1.13.jar:/home/guidof/.m2/repository/org/apache/tika/tika-core/1.13/tika-core-1.13.jar:/home/guidof/.m2/repository/org/gagravarr/vorbis-java-tika/0.8/vorbis-java-tika-0.8.jar:/home/guidof/.m2/repository/com/healthmarketscience/jackcess/jackcess/2.1.3/jackcess-2.1.3.jar:/home/guidof/.m2/repository/commons-lang/commons-lang/2.6/commons-lang-2.6.jar:/home/guidof/.m2/repository/com/healthmarketscience/jackcess/jackcess-encrypt/2.1.1/jackcess-encrypt-2.1.1.jar:/home/guidof/.m2/repository/net/sourceforge/jmatio/jmatio/1.0/jmatio-1.0.jar:/home/guidof/.m2/repository/org/apache/james/apache-mime4j-core/0.7.2/apache-mime4j-core-0.7.2.jar:/home/guidof/.m2/repository/org/apache/james/apache-mime4j-dom/0.7.2/apache-mime4j-dom-0.7.2.jar:/home/guidof/.m2/repository/org/apache/commons/commons-compress/1.11/commons-compress-1.11.jar:/home/guidof/.m2/repository/org/tukaani/xz/1.5/xz-1.5.jar:/home/guidof/.m2/repository/commons-codec/commons-codec/1.11/commons-codec-1.11.jar:/home/guidof/.m2/repository/org/apache/pdfbox/pdfbox/2.0.1/pdfbox-2.0.1.jar:/home/guidof/.m2/repository/org/apache/pdfbox/fontbox/2.0.1/fontbox-2.0.1.jar:/home/guidof/.m2/repository/org/apache/pdfbox/pdfbox-tools/2.0.1/pdfbox-tools-2.0.1.jar:/home/guidof/.m2/repository/org/apache/pdfbox/pdfbox-debugger/2.0.1/pdfbox-debugger-2.0.1.jar:/home/guidof/.m2/repository/org/apache/pdfbox/jempbox/1.8.12/jempbox-1.8.12.jar:/home/guidof/.m2/repository/org/bouncycastle/bcmail-jdk15on/1.54/bcmail-jdk15on-1.54.jar:/home/guidof/.m2/repository/org/bouncycastle/bcpkix-jdk15on/1.54/bcpkix-jdk15on-1.54.jar:/home/guidof/.m2/repository/org/bouncycastle/bcprov-jdk15on/1.54/bcprov-jdk15on-1.54.jar:/home/guidof/.m2/repository/org/apache/poi/poi/3.15-beta1/poi-3.15-beta1.jar:/home/guidof/.m2/repository/org/apache/poi/poi-scratchpad/3.15-beta1/poi-scratchpad-3.15-beta1.jar:/home/guidof/.m2/repository/org/apache/poi/poi-ooxml/3.15-beta1/poi-ooxml-3.15-beta1.jar:/home/guidof/.m2/repository/org/apache/poi/poi-ooxml-schemas/3.15-beta1/poi-ooxml-schemas-3.15-beta1.jar:/home/guidof/.m2/repository/org/apache/xmlbeans/xmlbeans/2.6.0/xmlbeans-2.6.0.jar:/home/guidof/.m2/repository/com/github/virtuald/curvesapi/1.03/curvesapi-1.03.jar:/home/guidof/.m2/repository/org/ccil/cowan/tagsoup/tagsoup/1.2.1/tagsoup-1.2.1.jar:/home/guidof/.m2/repository/org/ow2/asm/asm/5.0.4/asm-5.0.4.jar:/home/guidof/.m2/repository/com/googlecode/mp4parser/isoparser/1.1.18/isoparser-1.1.18.jar:/home/guidof/.m2/repository/com/drewnoakes/metadata-extractor/2.8.1/metadata-extractor-2.8.1.jar:/home/guidof/.m2/repository/com/adobe/xmp/xmpcore/5.1.2/xmpcore-5.1.2.jar:/home/guidof/.m2/repository/de/l3s/boilerpipe/boilerpipe/1.1.0/boilerpipe-1.1.0.jar:/home/guidof/.m2/repository/com/rometools/rome/1.5.1/rome-1.5.1.jar:/home/guidof/.m2/repository/com/rometools/rome-utils/1.5.1/rome-utils-1.5.1.jar:/home/guidof/.m2/repository/org/gagravarr/vorbis-java-core/0.8/vorbis-java-core-0.8.jar:/home/guidof/.m2/repository/com/googlecode/juniversalchardet/juniversalchardet/1.0.3/juniversalchardet-1.0.3.jar:/home/guidof/.m2/repository/org/codelibs/jhighlight/1.0.2/jhighlight-1.0.2.jar:/home/guidof/.m2/repository/com/pff/java-libpst/0.8.1/java-libpst-0.8.1.jar:/home/guidof/.m2/repository/com/github/junrar/junrar/0.7/junrar-0.7.jar:/home/guidof/.m2/repository/commons-logging/commons-logging-api/1.1/commons-logging-api-1.1.jar:/home/guidof/.m2/repository/org/apache/commons/commons-vfs2/2.0/commons-vfs2-2.0.jar:/home/guidof/.m2/repository/org/apache/maven/scm/maven-scm-api/1.4/maven-scm-api-1.4.jar:/home/guidof/.m2/repository/org/codehaus/plexus/plexus-utils/1.5.6/plexus-utils-1.5.6.jar:/home/guidof/.m2/repository/org/apache/maven/scm/maven-scm-provider-svnexe/1.4/maven-scm-provider-svnexe-1.4.jar:/home/guidof/.m2/repository/org/apache/maven/scm/maven-scm-provider-svn-commons/1.4/maven-scm-provider-svn-commons-1.4.jar:/home/guidof/.m2/repository/regexp/regexp/1.3/regexp-1.3.jar:/home/guidof/.m2/repository/org/apache/cxf/cxf-rt-rs-client/3.0.3/cxf-rt-rs-client-3.0.3.jar:/home/guidof/.m2/repository/org/apache/cxf/cxf-rt-transports-http/3.0.3/cxf-rt-transports-http-3.0.3.jar:/home/guidof/.m2/repository/org/apache/cxf/cxf-core/3.0.3/cxf-core-3.0.3.jar:/home/guidof/.m2/repository/org/codehaus/woodstox/woodstox-core-asl/4.4.1/woodstox-core-asl-4.4.1.jar:/home/guidof/.m2/repository/org/codehaus/woodstox/stax2-api/3.1.4/stax2-api-3.1.4.jar:/home/guidof/.m2/repository/org/apache/ws/xmlschema/xmlschema-core/2.1.0/xmlschema-core-2.1.0.jar:/home/guidof/.m2/repository/org/apache/cxf/cxf-rt-frontend-jaxrs/3.0.3/cxf-rt-frontend-jaxrs-3.0.3.jar:/home/guidof/.m2/repository/javax/ws/rs/javax.ws.rs-api/2.0.1/javax.ws.rs-api-2.0.1.jar:/home/guidof/.m2/repository/org/apache/opennlp/opennlp-tools/1.5.3/opennlp-tools-1.5.3.jar:/home/guidof/.m2/repository/org/apache/opennlp/opennlp-maxent/3.0.3/opennlp-maxent-3.0.3.jar:/home/guidof/.m2/repository/net/sf/jwordnet/jwnl/1.3.3/jwnl-1.3.3.jar:/home/guidof/.m2/repository/commons-io/commons-io/2.4/commons-io-2.4.jar:/home/guidof/.m2/repository/org/apache/commons/commons-exec/1.3/commons-exec-1.3.jar:/home/guidof/.m2/repository/com/googlecode/json-simple/json-simple/1.1.1/json-simple-1.1.1.jar:/home/guidof/.m2/repository/org/json/json/20140107/json-20140107.jar:/home/guidof/.m2/repository/com/google/code/gson/gson/2.8.5/gson-2.8.5.jar:/home/guidof/.m2/repository/edu/ucar/netcdf4/4.5.5/netcdf4-4.5.5.jar:/home/guidof/.m2/repository/net/jcip/jcip-annotations/1.0/jcip-annotations-1.0.jar:/home/guidof/.m2/repository/net/java/dev/jna/jna/4.5.2/jna-4.5.2.jar:/home/guidof/.m2/repository/edu/ucar/grib/4.5.5/grib-4.5.5.jar:/home/guidof/.m2/repository/com/google/protobuf/protobuf-java/2.5.0/protobuf-java-2.5.0.jar:/home/guidof/.m2/repository/org/jdom/jdom2/2.0.6/jdom2-2.0.6.jar:/home/guidof/.m2/repository/org/jsoup/jsoup/1.7.2/jsoup-1.7.2.jar:/home/guidof/.m2/repository/edu/ucar/jj2000/5.2/jj2000-5.2.jar:/home/guidof/.m2/repository/org/itadaki/bzip2/0.9.1/bzip2-0.9.1.jar:/home/guidof/.m2/repository/edu/ucar/cdm/4.5.5/cdm-4.5.5.jar:/home/guidof/.m2/repository/edu/ucar/udunits/4.5.5/udunits-4.5.5.jar:/home/guidof/.m2/repository/org/quartz-scheduler/quartz/2.3.0/quartz-2.3.0.jar:/home/guidof/.m2/repository/com/mchange/mchange-commons-java/0.2.11/mchange-commons-java-0.2.11.jar:/home/guidof/.m2/repository/net/sf/ehcache/ehcache-core/2.6.2/ehcache-core-2.6.2.jar:/home/guidof/.m2/repository/com/beust/jcommander/1.35/jcommander-1.35.jar:/home/guidof/.m2/repository/edu/ucar/httpservices/4.5.5/httpservices-4.5.5.jar:/home/guidof/.m2/repository/org/apache/httpcomponents/httpmime/4.5.6/httpmime-4.5.6.jar:/home/guidof/.m2/repository/org/apache/commons/commons-csv/1.0/commons-csv-1.0.jar:/home/guidof/.m2/repository/org/apache/sis/core/sis-utility/0.6/sis-utility-0.6.jar:/home/guidof/.m2/repository/org/apache/sis/storage/sis-netcdf/0.6/sis-netcdf-0.6.jar:/home/guidof/.m2/repository/org/apache/sis/storage/sis-storage/0.6/sis-storage-0.6.jar:/home/guidof/.m2/repository/org/apache/sis/core/sis-referencing/0.6/sis-referencing-0.6.jar:/home/guidof/.m2/repository/org/apache/sis/core/sis-metadata/0.6/sis-metadata-0.6.jar:/home/guidof/.m2/repository/org/opengis/geoapi/3.0.0/geoapi-3.0.0.jar:/home/guidof/.m2/repository/javax/measure/jsr-275/0.9.3/jsr-275-0.9.3.jar:/home/guidof/.m2/repository/junit/junit/4.12/junit-4.12.jar:/home/guidof/.m2/repository/org/hamcrest/hamcrest-core/1.3/hamcrest-core-1.3.jar:/home/guidof/.m2/repository/org/apache/lucene/lucene-analyzers-common/7.5.0/lucene-analyzers-common-7.5.0.jar:/home/guidof/.m2/repository/org/apache/lucene/lucene-core/7.5.0/lucene-core-7.5.0.jar:/home/guidof/.m2/repository/org/reflections/reflections/0.9.10/reflections-0.9.10.jar:/home/guidof/.m2/repository/com/google/guava/guava/15.0/guava-15.0.jar:/home/guidof/.m2/repository/org/javassist/javassist/3.19.0-GA/javassist-3.19.0-GA.jar:/home/guidof/.m2/repository/com/google/code/findbugs/annotations/2.0.1/annotations-2.0.1.jar:/home/guidof/.m2/repository/org/mockito/mockito-core/2.23.4/mockito-core-2.23.4.jar:/home/guidof/.m2/repository/net/bytebuddy/byte-buddy/1.9.3/byte-buddy-1.9.3.jar:/home/guidof/.m2/repository/net/bytebuddy/byte-buddy-agent/1.9.3/byte-buddy-agent-1.9.3.jar:/home/guidof/.m2/repository/org/objenesis/objenesis/2.6/objenesis-2.6.jar:"/>
    <property name="sun.cpu.endian" value="little"/>
    <property name="user.home" value="/home/guidof"/>
    <property name="user.language" value="en"/>
    <property name="java.specification.vendor" value="Oracle Corporation"/>
    <property name="java.version.date" value="2018-07-17"/>
    <property name="java.home" value="/usr/lib/jvm/java-11-openjdk-amd64"/>
    <property name="file.separator" value="/"/>
    <property name="basedir" value="/home/guidof/bitbucket/searchIndex/Indexer/IndexServer"/>
    <property name="java.vm.compressedOopsMode" value="Zero based"/>
    <property name="line.separator" value="&#10;"/>
    <property name="java.specification.name" value="Java Platform API Specification"/>
    <property name="java.vm.specification.vendor" value="Oracle Corporation"/>
    <property name="java.awt.graphicsenv" value="sun.awt.X11GraphicsEnvironment"/>
    <property name="sun.management.compiler" value="HotSpot 64-Bit Tiered Compilers"/>
    <property name="java.runtime.version" value="10.0.2+13-Ubuntu-1ubuntu0.18.04.4"/>
    <property name="user.name" value="guidof"/>
    <property name="path.separator" value=":"/>
    <property name="securerandom.source" value="file:/dev/./urandom"/>
    <property name="os.version" value="4.15.0-42-generic"/>
    <property name="java.runtime.name" value="OpenJDK Runtime Environment"/>
    <property name="file.encoding" value="UTF-8"/>
    <property name="guice.disable.misplaced.annotation.check" value="true"/>
    <property name="java.vm.name" value="OpenJDK 64-Bit Server VM"/>
    <property name="localRepository" value="/home/guidof/.m2/repository"/>
    <property name="java.vendor.url.bug" value="http://bugreport.java.com/bugreport/"/>
    <property name="java.io.tmpdir" value="/tmp"/>
    <property name="idea.version" value="2018.3.1"/>
    <property name="java.version" value="10.0.2"/>
    <property name="user.dir" value="/home/guidof/bitbucket/searchIndex/Indexer/IndexServer"/>
    <property name="os.arch" value="amd64"/>
    <property name="maven.multiModuleProjectDirectory" value="/home/guidof/bitbucket/searchIndex/Indexer"/>
    <property name="java.vm.specification.name" value="Java Virtual Machine Specification"/>
    <property name="java.awt.printerjob" value="sun.print.PSPrinterJob"/>
    <property name="sun.os.patch.level" value="unknown"/>
    <property name="java.library.path" value="/usr/java/packages/lib:/usr/lib/x86_64-linux-gnu/jni:/lib/x86_64-linux-gnu:/usr/lib/x86_64-linux-gnu:/usr/lib/jni:/lib:/usr/lib"/>
    <property name="java.vendor" value="Oracle Corporation"/>
    <property name="java.vm.info" value="mixed mode"/>
    <property name="java.vm.version" value="10.0.2+13-Ubuntu-1ubuntu0.18.04.4"/>
    <property name="classworlds.conf" value="/home/guidof/.local/share/JetBrains/Toolbox/apps/IDEA-U/ch-0/183.4588.61/plugins/maven/lib/maven3/bin/m2.conf"/>
    <property name="sun.io.unicode.encoding" value="UnicodeLittle"/>
    <property name="java.class.version" value="54.0"/>
  </properties>
  <testcase name="deriveItemsForSaleIndexName" classname="com.g4pas.index.service.util.IndexUtilTest" time="0.002"/>
</testsuite>